.F..F..............F.F....F.........F...                                 [100%]
=================================== FAILURES ===================================
______________________________ test_mbpp_asserts _______________________________

    def test_mbpp_asserts():
>       assert kth_element([12,3,5,7,19], 5, 2) == 3
E       assert 5 == 3
E        +  where 5 = kth_element([3, 5, 7, 12, 19], 5, 2)

tests/test_task_101.py:4: AssertionError
______________________________ test_mbpp_asserts _______________________________

    def test_mbpp_asserts():
>       assert angle_complex(0,1j)==1.5707963267948966
E       assert 3.141592653589793 == 1.5707963267948966
E        +  where 3.141592653589793 = angle_complex(0, 1j)

tests/test_task_124.py:4: AssertionError
______________________________ test_mbpp_asserts _______________________________

    def test_mbpp_asserts():
        assert common_element([1,2,3,4,5], [5,6,7,8,9])==True
>       assert common_element([1,2,3,4,5], [6,7,8,9])==None
E       assert False == None
E        +  where False = common_element([1, 2, 3, 4, 5], [6, 7, 8, 9])

tests/test_task_431.py:5: AssertionError
______________________________ test_mbpp_asserts _______________________________

    def test_mbpp_asserts():
>       assert upper_ctr('PYthon') == 1
E       AssertionError: assert 2 == 1
E        +  where 2 = upper_ctr('PYthon')

tests/test_task_461.py:4: AssertionError
______________________________ test_mbpp_asserts _______________________________

    def test_mbpp_asserts():
>       assert parallel_lines([2,3,4], [2,3,8]) == True
               ^^^^^^^^^^^^^^^^^^^^^^^^^^^^^^^^

tests/test_task_525.py:4: 
_ _ _ _ _ _ _ _ _ _ _ _ _ _ _ _ _ _ _ _ _ _ _ _ _ _ _ _ _ _ _ _ _ _ _ _ _ _ _ _ 

line1 = [2, 3, 4], line2 = [2, 3, 8]

    def parallel_lines(line1, line2):
        """Check if two lines are parallel by comparing their slopes.
    
        Args:
            line1: Tuple of (m1, b1) representing line equation y = m1*x + b1
            line2: Tuple of (m2, b2) representing line equation y = m2*x + b2
    
        Returns:
            bool: True if lines are parallel (slopes are equal), False otherwise
        """
>       m1, b1 = line1
        ^^^^^^
E       ValueError: too many values to unpack (expected 2)

tasks/task_525.py:11: ValueError
______________________________ test_mbpp_asserts _______________________________

    def test_mbpp_asserts():
>       assert parallelogram_perimeter(10,20)==400
E       assert 60 == 400
E        +  where 60 = parallelogram_perimeter(10, 20)

tests/test_task_882.py:4: AssertionError
=========================== short test summary info ============================
FAILED tests/test_task_101.py::test_mbpp_asserts - assert 5 == 3
FAILED tests/test_task_124.py::test_mbpp_asserts - assert 3.141592653589793 =...
FAILED tests/test_task_431.py::test_mbpp_asserts - assert False == None
FAILED tests/test_task_461.py::test_mbpp_asserts - AssertionError: assert 2 == 1
FAILED tests/test_task_525.py::test_mbpp_asserts - ValueError: too many value...
FAILED tests/test_task_882.py::test_mbpp_asserts - assert 60 == 400
